Added Component: Designator=P1(HDR1X6)
Add component. Clean all parameters for all variants
Add component (AddParameter): Name = "LatestRevisionDate"; Value = "17-Jul-2002"; VariantName = "[No Variations]"
Add component (AddParameter): Name = "LatestRevisionNote"; Value = "Re-released for DXP Platform."; VariantName = "[No Variations]"
Add component (AddParameter): Name = "Publisher"; Value = "Altium Limited"; VariantName = "[No Variations]"
Added Component: Designator=P2(HDR1X6)
Add component. Clean all parameters for all variants
Add component (AddParameter): Name = "LatestRevisionDate"; Value = "17-Jul-2002"; VariantName = "[No Variations]"
Add component (AddParameter): Name = "LatestRevisionNote"; Value = "Re-released for DXP Platform."; VariantName = "[No Variations]"
Add component (AddParameter): Name = "Publisher"; Value = "Altium Limited"; VariantName = "[No Variations]"
Added Component: Designator=R1(RES0603)
Add component. Clean all parameters for all variants
Added Component: Designator=R2(RES0603)
Add component. Clean all parameters for all variants
Added Component: Designator=S1(CO2)
Add component. Clean all parameters for all variants
Added Component: Designator=S2(SHT3x-DIS)
Add component. Clean all parameters for all variants
Added Pin To Net: NetName=GND Pin=P1-2
Added Pin To Net: NetName=GND Pin=P2-5
Added Pin To Net: NetName=GND Pin=S1-1
Added Pin To Net: NetName=GND Pin=S2-2
Added Pin To Net: NetName=GND Pin=S2-7
Added Pin To Net: NetName=GND Pin=S2-8
Added Pin To Net: NetName=GND Pin=S2-9
Added Net: Name=GND
Added Pin To Net: NetName=RX Pin=P1-6
Added Pin To Net: NetName=RX Pin=P2-1
Added Pin To Net: NetName=RX Pin=S1-3
Added Net: Name=RX
Added Pin To Net: NetName=SCL Pin=P1-4
Added Pin To Net: NetName=SCL Pin=P2-3
Added Pin To Net: NetName=SCL Pin=R2-2
Added Pin To Net: NetName=SCL Pin=S2-4
Added Net: Name=SCL
Added Pin To Net: NetName=SDA Pin=P1-3
Added Pin To Net: NetName=SDA Pin=P2-4
Added Pin To Net: NetName=SDA Pin=R1-2
Added Pin To Net: NetName=SDA Pin=S2-1
Added Net: Name=SDA
Added Pin To Net: NetName=TX Pin=P1-5
Added Pin To Net: NetName=TX Pin=P2-2
Added Pin To Net: NetName=TX Pin=S1-4
Added Net: Name=TX
Added Pin To Net: NetName=VCC Pin=P1-1
Added Pin To Net: NetName=VCC Pin=P2-6
Added Pin To Net: NetName=VCC Pin=R1-1
Added Pin To Net: NetName=VCC Pin=R2-1
Added Pin To Net: NetName=VCC Pin=S1-2
Added Pin To Net: NetName=VCC Pin=S2-5
Added Net: Name=VCC
Added Class: Name=Sensor_Breakout
