Change component parameters: Designator = "P1"; Footprint = "HDR1X6"; UniqueID = "\BKAPHOUM"
Change component parameters. Clean all parameters for all variants
Change component parameters (AddParameter): Name = "LatestRevisionDate"; Value = "17-Jul-2002"; VariantName = "[No Variations]"
Change component parameters (AddParameter): Name = "LatestRevisionNote"; Value = "Re-released for DXP Platform."; VariantName = "[No Variations]"
Change component parameters (AddParameter): Name = "Publisher"; Value = "Altium Limited"; VariantName = "[No Variations]"
Change component parameters: Designator = "P2"; Footprint = "HDR1X6"; UniqueID = "\PUEMDULI"
Change component parameters. Clean all parameters for all variants
Change component parameters (AddParameter): Name = "LatestRevisionDate"; Value = "17-Jul-2002"; VariantName = "[No Variations]"
Change component parameters (AddParameter): Name = "LatestRevisionNote"; Value = "Re-released for DXP Platform."; VariantName = "[No Variations]"
Change component parameters (AddParameter): Name = "Publisher"; Value = "Altium Limited"; VariantName = "[No Variations]"
Change component parameters: Designator = "R1"; Footprint = "RES0603"; UniqueID = "\FIMFCIRD"
Change component parameters. Clean all parameters for all variants
Change component parameters (AddParameter): Name = "Catalog Drawings"; Value = "Thick Film Resistor Side"; VariantName = "[No Variations]"
Change component parameters (AddParameter): Name = "Category"; Value = "Resistors"; VariantName = "[No Variations]"
Change component parameters (AddParameter): Name = "Composition"; Value = "Thick Film"; VariantName = "[No Variations]"
Change component parameters (AddParameter): Name = "EDA / CAD Models"; Value = "Download from Accelerated Designs"; VariantName = "[No Variations]"
Change component parameters (AddParameter): Name = "Family"; Value = "Chip Resistor - Surface Mount"; VariantName = "[No Variations]"
Change component parameters (AddParameter): Name = "Features"; Value = "Moisture Resistant"; VariantName = "[No Variations]"
Change component parameters (AddParameter): Name = "Height"; Value = "0.022" (0.55mm)"; VariantName = "[No Variations]"
Change component parameters (AddParameter): Name = "HTML Datasheet"; Value = "RC Series, L Suffix Datasheet.html"; VariantName = "[No Variations]"
Change component parameters (AddParameter): Name = "Manufacturer"; Value = "Yageo"; VariantName = "[No Variations]"
Change component parameters (AddParameter): Name = "Manufacturer Part Number"; Value = "RC0603FR-070RL"; VariantName = "[No Variations]"
Change component parameters (AddParameter): Name = "Number of Terminations"; Value = "2"; VariantName = "[No Variations]"
Change component parameters (AddParameter): Name = "Online Catalog"; Value = "RC0603 Series"; VariantName = "[No Variations]"
Change component parameters (AddParameter): Name = "Operating Temperature"; Value = "-55°C ~ 155°C"; VariantName = "[No Variations]"
Change component parameters (AddParameter): Name = "Other Names"; Value = "311-0.0HRTR  Q3106287A  RC0603FR-070RL-ND"; VariantName = "[No Variations]"
Change component parameters (AddParameter): Name = "Package / Case"; Value = "0603 (1608 Metric)"; VariantName = "[No Variations]"
Change component parameters (AddParameter): Name = "Packaging"; Value = "Tape & Reel (TR)"; VariantName = "[No Variations]"
Change component parameters (AddParameter): Name = "PCN Other"; Value = "RC/AC 0603/0805/1206 22/Jan/2013"; VariantName = "[No Variations]"
Change component parameters (AddParameter): Name = "Power (Watts)"; Value = "0.1W, 1/10W"; VariantName = "[No Variations]"
Change component parameters (AddParameter): Name = "Pricing 1"; Value = "10=0.021, 100=0.018, 500=0.0126, 1000=0.0105, 2500=0.0079 (GBP)"; VariantName = "[No Variations]"
Change component parameters (AddParameter): Name = "Product Training Modules"; Value = "Chip Resistor"; VariantName = "[No Variations]"
Change component parameters (AddParameter): Name = "Resistance (Ohms)"; Value = "0.0"; VariantName = "[No Variations]"
Change component parameters (AddParameter): Name = "Series"; Value = "RC"; VariantName = "[No Variations]"
Change component parameters (AddParameter): Name = "Size / Dimension"; Value = "0.063" L x 0.031" W (1.60mm x 0.80mm)"; VariantName = "[No Variations]"
Change component parameters (AddParameter): Name = "Standard Package"; Value = "5,000"; VariantName = "[No Variations]"
Change component parameters (AddParameter): Name = "Stock 1"; Value = "12704"; VariantName = "[No Variations]"
Change component parameters (AddParameter): Name = "Supplier 1"; Value = "Farnell"; VariantName = "[No Variations]"
Change component parameters (AddParameter): Name = "Supplier Device Package"; Value = "0603"; VariantName = "[No Variations]"
Change component parameters (AddParameter): Name = "Supplier Part Number 1"; Value = "2309106"; VariantName = "[No Variations]"
Change component parameters (AddParameter): Name = "Temperature Coefficient"; Value = "-"; VariantName = "[No Variations]"
Change component parameters (AddParameter): Name = "Tolerance"; Value = "Jumper"; VariantName = "[No Variations]"
Change component parameters: Designator = "R2"; Footprint = "RES0603"; UniqueID = "\UGPIUOWI"
Change component parameters. Clean all parameters for all variants
Change component parameters (AddParameter): Name = "Catalog Drawings"; Value = "Thick Film Resistor Side"; VariantName = "[No Variations]"
Change component parameters (AddParameter): Name = "Category"; Value = "Resistors"; VariantName = "[No Variations]"
Change component parameters (AddParameter): Name = "Composition"; Value = "Thick Film"; VariantName = "[No Variations]"
Change component parameters (AddParameter): Name = "EDA / CAD Models"; Value = "Download from Accelerated Designs"; VariantName = "[No Variations]"
Change component parameters (AddParameter): Name = "Family"; Value = "Chip Resistor - Surface Mount"; VariantName = "[No Variations]"
Change component parameters (AddParameter): Name = "Features"; Value = "Moisture Resistant"; VariantName = "[No Variations]"
Change component parameters (AddParameter): Name = "Height"; Value = "0.022" (0.55mm)"; VariantName = "[No Variations]"
Change component parameters (AddParameter): Name = "HTML Datasheet"; Value = "RC Series, L Suffix Datasheet.html"; VariantName = "[No Variations]"
Change component parameters (AddParameter): Name = "Manufacturer"; Value = "Yageo"; VariantName = "[No Variations]"
Change component parameters (AddParameter): Name = "Manufacturer Part Number"; Value = "RC0603FR-070RL"; VariantName = "[No Variations]"
Change component parameters (AddParameter): Name = "Number of Terminations"; Value = "2"; VariantName = "[No Variations]"
Change component parameters (AddParameter): Name = "Online Catalog"; Value = "RC0603 Series"; VariantName = "[No Variations]"
Change component parameters (AddParameter): Name = "Operating Temperature"; Value = "-55°C ~ 155°C"; VariantName = "[No Variations]"
Change component parameters (AddParameter): Name = "Other Names"; Value = "311-0.0HRTR  Q3106287A  RC0603FR-070RL-ND"; VariantName = "[No Variations]"
Change component parameters (AddParameter): Name = "Package / Case"; Value = "0603 (1608 Metric)"; VariantName = "[No Variations]"
Change component parameters (AddParameter): Name = "Packaging"; Value = "Tape & Reel (TR)"; VariantName = "[No Variations]"
Change component parameters (AddParameter): Name = "PCN Other"; Value = "RC/AC 0603/0805/1206 22/Jan/2013"; VariantName = "[No Variations]"
Change component parameters (AddParameter): Name = "Power (Watts)"; Value = "0.1W, 1/10W"; VariantName = "[No Variations]"
Change component parameters (AddParameter): Name = "Pricing 1"; Value = "10=0.021, 100=0.018, 500=0.0126, 1000=0.0105, 2500=0.0079 (GBP)"; VariantName = "[No Variations]"
Change component parameters (AddParameter): Name = "Product Training Modules"; Value = "Chip Resistor"; VariantName = "[No Variations]"
Change component parameters (AddParameter): Name = "Resistance (Ohms)"; Value = "0.0"; VariantName = "[No Variations]"
Change component parameters (AddParameter): Name = "Series"; Value = "RC"; VariantName = "[No Variations]"
Change component parameters (AddParameter): Name = "Size / Dimension"; Value = "0.063" L x 0.031" W (1.60mm x 0.80mm)"; VariantName = "[No Variations]"
Change component parameters (AddParameter): Name = "Standard Package"; Value = "5,000"; VariantName = "[No Variations]"
Change component parameters (AddParameter): Name = "Stock 1"; Value = "12704"; VariantName = "[No Variations]"
Change component parameters (AddParameter): Name = "Supplier 1"; Value = "Farnell"; VariantName = "[No Variations]"
Change component parameters (AddParameter): Name = "Supplier Device Package"; Value = "0603"; VariantName = "[No Variations]"
Change component parameters (AddParameter): Name = "Supplier Part Number 1"; Value = "2309106"; VariantName = "[No Variations]"
Change component parameters (AddParameter): Name = "Temperature Coefficient"; Value = "-"; VariantName = "[No Variations]"
Change component parameters (AddParameter): Name = "Tolerance"; Value = "Jumper"; VariantName = "[No Variations]"
Added Room: Name=Sensor_Breakout
